<?xml version="1.0" encoding="UTF-8"?>
<!-- Generated by org.testng.reporters.JUnitReportReporter -->
<testsuite hostname="P2ELT22" failures="0" tests="1" name="com.myipr.testCases.TC_LoginTest_001" time="15.319" errors="0" timestamp="2023-09-12T10:18:15 IST" skipped="0">
  <testcase classname="com.myipr.testCases.TC_LoginTest_001" name="loginTest" time="15.319"/>
</testsuite> <!-- com.myipr.testCases.TC_LoginTest_001 -->
